minmin
2x64
197,896	0,593	198,489
218,832	0,581	219,413
229,173	0,627	229,8
215,036	0,575	215,611
241,536	0,554	242,09
189,544	0,541	190,085
251,523	0,579	252,102
198,681	0,6	199,281
198,017	0,539	198,556
192,722	0,573	193,295

4x128
305,643	0,558	306,201
322,361	0,557	322,918
366,48	0,586	367,066
360,948	0,575	361,523
363,937	0,571	364,508
315,872	0,569	316,441
294,37	0,556	294,926
318,38	0,556	318,936
287,099	0,548	287,647
323,149	0,607	323,756

8x256
375,157	0,577	375,734
354,861	0,558	355,419
345,765	0,575	346,34
352,712	0,548	353,26
352,099	0,559	352,658
348,547	0,567	349,114
346,68	0,569	347,249
358,726	0,547	359,273
343,503	0,589	344,092
332,199	0,557	332,756

16x512
373,536	0,581	374,117
354,606	0,573	355,179
336,967	0,575	337,542
345,699	0,56	346,259
337,801	0,572	338,373
349,482	0,552	350,034
340,755	0,563	341,318
342,926	0,616	343,542
340,215	0,56	340,775
342,666	0,543	343,209

32x1024
348,376	0,58	348,956
345,286	0,591	345,877
350,362	0,581	350,943
347,77	0,593	348,363
334,363	0,601	334,964
346,693	0,599	347,292
348,88	0,564	349,444
324,546	0,591	325,137
336,042	0,581	336,623
340,876	0,631	341,507

64x2048
350,462	0,589	351,051
352,068	0,574	352,642
335,149	0,595	335,744
348,392	0,575	348,967
341,157	0,61	341,767
357,822	0,576	358,398
333,438	0,613	334,051
356,982	0,575	357,557
350,636	0,592	351,228
345,843	0,614	346,457

maxmin
2x64
193,113	0,559	193,672
218,438	0,538	218,976
231,326	0,533	231,859
217,81	0,588	218,398
241,268	0,556	241,824
191,803	0,541	192,344
245,415	0,569	245,984
193,441	0,566	194,007
200,772	0,562	201,334
194,953	0,536	195,489

4x128
308,83	0,581	309,411
329,885	0,556	330,441
359,952	0,569	360,521
354,858	0,546	355,404
354,824	0,541	355,365
311,659	0,559	312,218
295,391	0,564	295,955
335,188	0,548	335,736
313,271	0,542	313,813
324,726	0,545	325,271

8x256
369,345	0,541	369,886
348,054	0,574	348,628
345,432	0,553	345,985
350,266	0,537	350,803
343,1	0,553	343,653
356,635	0,561	357,196
351,758	0,558	352,316
356,713	0,545	357,258
343,362	0,553	343,915
331,946	0,568	332,514

16x512
369,426	0,543	369,969
353,059	0,548	353,607
340,243	0,567	340,81
339,834	0,581	340,415
338,002	0,545	338,547
344,731	0,576	345,307
338,823	0,56	339,383
342,205	0,564	342,769
335,25	0,56	335,81
340,588	0,564	341,152

32x1024
342,474	0,565	343,039
341,476	0,569	342,045
347,646	0,609	348,255
348,16	0,602	348,762
335,824	0,601	336,425
341,742	0,59	342,332
343,701	0,556	344,257
346,631	0,569	347,2
335,799	0,564	336,363
340,214	0,559	340,773

64x2048
352,287	0,581	352,868
354,559	0,586	355,145
341,621	0,598	342,219
342,772	0,569	343,341
342,467	0,599	343,066
350,782	0,588	351,37
338,956	0,627	339,583
349,67	0,624	350,294
342,456	0,571	343,027
355,068	0,589	355,657

fcfs
2x64
293,427	0	293,427
320,697	0	320,697
317,02	0	317,02
302,94	0	302,94
379,215	0	379,215
284,076	0	284,076
357,114	0	357,114
282,727	0	282,727
289,273	0	289,273
308,465	0	308,465

4x128
1309,838	0	1309,838
1240,094	0	1240,094
1353,42	0	1353,42
1551,287	0	1551,287
1327,131	0	1327,131
939,58	0	939,58
847,26	0	847,26
1436,854	0	1436,854
1208,392	0	1208,392
1276,535	0	1276,535

8x256
1617,837	0	1617,837
1384,152	0	1384,152
1123,529	0	1123,529
1379,555	0	1379,555
1287,637	0	1287,637
1584,2	0	1584,2
1214,133	0	1214,133
1134,938	0	1134,938
1175,74	0	1175,74
1106,265	0	1106,265

16x512
1369,31	0	1369,31
1296,152	0	1296,152
1302,076	0	1302,076
1265,454	0	1265,454
1247,494	0	1247,494
1259,642	0	1259,642
1182,002	0	1182,002
1487,27	0	1487,27
1530,772	0	1530,772
1262,438	0	1262,438

32x1024
1277,202	0	1277,202
1274,24	0	1274,24
1322,45	0	1322,45
1162,984	0	1162,984
1234,74	0	1234,74
1384,726	0	1384,726
1305,93	0	1305,93
1046,944	0	1046,944
1307,016	0	1307,016
1153,15	0	1153,15

64x2048
1199,552	0	1199,552
1461,412	0	1461,412
1344,12	0	1344,12
1400,004	0	1400,004
1326,904	0	1326,904
1398,798	0	1398,798
1117,028	0	1117,028
1205,456	0	1205,456
1325,104	0	1325,104
1186,634	0	1186,634

