Starting CloudSimExample3...
Initialising...
Starting CloudSim version 3.0
Datacenter_0 is starting...
Datacenter_1 is starting...
Datacenter_2 is starting...
Datacenter_2 is starting...
Datacenter_2 is starting...
Datacenter_2 is starting...
Broker is starting...
Entities started.
0.0: Broker: Cloud Resource List received with 6 resource(s)
0.0: Broker: Trying to Create VM #0 in Datacenter_0
0.0: Broker: Trying to Create VM #1 in Datacenter_0
0.0: Broker: Trying to Create VM #2 in Datacenter_0
0.0: Broker: Trying to Create VM #3 in Datacenter_0
0.0: Broker: Trying to Create VM #4 in Datacenter_0
0.0: Broker: Trying to Create VM #5 in Datacenter_0
0.0: Broker: Trying to Create VM #6 in Datacenter_0
0.0: Broker: Trying to Create VM #7 in Datacenter_0
0.1: Broker: VM #0 has been created in Datacenter #2, Host #0
0.1: Broker: VM #1 has been created in Datacenter #2, Host #0
0.1: Broker: VM #2 has been created in Datacenter #2, Host #0
0.1: Broker: VM #3 has been created in Datacenter #2, Host #1
0.1: Broker: VM #4 has been created in Datacenter #2, Host #0
0.1: Broker: VM #5 has been created in Datacenter #2, Host #1
0.1: Broker: VM #6 has been created in Datacenter #2, Host #0
0.1: Broker: VM #7 has been created in Datacenter #2, Host #1
0.1: Broker: Sending cloudlet 0 to VM #0
0.1: Broker: Sending cloudlet 1 to VM #1
0.1: Broker: Sending cloudlet 2 to VM #2
0.1: Broker: Sending cloudlet 3 to VM #3
0.1: Broker: Sending cloudlet 4 to VM #4
0.1: Broker: Sending cloudlet 5 to VM #5
0.1: Broker: Sending cloudlet 6 to VM #6
0.1: Broker: Sending cloudlet 7 to VM #7
0.1: Broker: Sending cloudlet 8 to VM #0
0.1: Broker: Sending cloudlet 9 to VM #1
0.1: Broker: Sending cloudlet 10 to VM #2
0.1: Broker: Sending cloudlet 11 to VM #3
0.1: Broker: Sending cloudlet 12 to VM #4
0.1: Broker: Sending cloudlet 13 to VM #5
0.1: Broker: Sending cloudlet 14 to VM #6
0.1: Broker: Sending cloudlet 15 to VM #7
0.1: Broker: Sending cloudlet 16 to VM #0
0.1: Broker: Sending cloudlet 17 to VM #1
0.1: Broker: Sending cloudlet 18 to VM #2
0.1: Broker: Sending cloudlet 19 to VM #3
0.1: Broker: Sending cloudlet 20 to VM #4
0.1: Broker: Sending cloudlet 21 to VM #5
0.1: Broker: Sending cloudlet 22 to VM #6
0.1: Broker: Sending cloudlet 23 to VM #7
0.1: Broker: Sending cloudlet 24 to VM #0
0.1: Broker: Sending cloudlet 25 to VM #1
0.1: Broker: Sending cloudlet 26 to VM #2
0.1: Broker: Sending cloudlet 27 to VM #3
0.1: Broker: Sending cloudlet 28 to VM #4
0.1: Broker: Sending cloudlet 29 to VM #5
0.1: Broker: Sending cloudlet 30 to VM #6
0.1: Broker: Sending cloudlet 31 to VM #7
0.1: Broker: Sending cloudlet 32 to VM #0
0.1: Broker: Sending cloudlet 33 to VM #1
0.1: Broker: Sending cloudlet 34 to VM #2
0.1: Broker: Sending cloudlet 35 to VM #3
0.1: Broker: Sending cloudlet 36 to VM #4
0.1: Broker: Sending cloudlet 37 to VM #5
0.1: Broker: Sending cloudlet 38 to VM #6
0.1: Broker: Sending cloudlet 39 to VM #7
0.1: Broker: Sending cloudlet 40 to VM #0
0.1: Broker: Sending cloudlet 41 to VM #1
0.1: Broker: Sending cloudlet 42 to VM #2
0.1: Broker: Sending cloudlet 43 to VM #3
0.1: Broker: Sending cloudlet 44 to VM #4
0.1: Broker: Sending cloudlet 45 to VM #5
0.1: Broker: Sending cloudlet 46 to VM #6
0.1: Broker: Sending cloudlet 47 to VM #7
0.1: Broker: Sending cloudlet 48 to VM #0
0.1: Broker: Sending cloudlet 49 to VM #1
0.1: Broker: Sending cloudlet 50 to VM #2
0.1: Broker: Sending cloudlet 51 to VM #3
0.1: Broker: Sending cloudlet 52 to VM #4
0.1: Broker: Sending cloudlet 53 to VM #5
0.1: Broker: Sending cloudlet 54 to VM #6
0.1: Broker: Sending cloudlet 55 to VM #7
0.1: Broker: Sending cloudlet 56 to VM #0
0.1: Broker: Sending cloudlet 57 to VM #1
0.1: Broker: Sending cloudlet 58 to VM #2
0.1: Broker: Sending cloudlet 59 to VM #3
0.1: Broker: Sending cloudlet 60 to VM #4
0.1: Broker: Sending cloudlet 61 to VM #5
0.1: Broker: Sending cloudlet 62 to VM #6
0.1: Broker: Sending cloudlet 63 to VM #7
0.1: Broker: Sending cloudlet 64 to VM #0
0.1: Broker: Sending cloudlet 65 to VM #1
0.1: Broker: Sending cloudlet 66 to VM #2
0.1: Broker: Sending cloudlet 67 to VM #3
0.1: Broker: Sending cloudlet 68 to VM #4
0.1: Broker: Sending cloudlet 69 to VM #5
0.1: Broker: Sending cloudlet 70 to VM #6
0.1: Broker: Sending cloudlet 71 to VM #7
0.1: Broker: Sending cloudlet 72 to VM #0
0.1: Broker: Sending cloudlet 73 to VM #1
0.1: Broker: Sending cloudlet 74 to VM #2
0.1: Broker: Sending cloudlet 75 to VM #3
0.1: Broker: Sending cloudlet 76 to VM #4
0.1: Broker: Sending cloudlet 77 to VM #5
0.1: Broker: Sending cloudlet 78 to VM #6
0.1: Broker: Sending cloudlet 79 to VM #7
0.1: Broker: Sending cloudlet 80 to VM #0
0.1: Broker: Sending cloudlet 81 to VM #1
0.1: Broker: Sending cloudlet 82 to VM #2
0.1: Broker: Sending cloudlet 83 to VM #3
0.1: Broker: Sending cloudlet 84 to VM #4
0.1: Broker: Sending cloudlet 85 to VM #5
0.1: Broker: Sending cloudlet 86 to VM #6
0.1: Broker: Sending cloudlet 87 to VM #7
0.1: Broker: Sending cloudlet 88 to VM #0
0.1: Broker: Sending cloudlet 89 to VM #1
0.1: Broker: Sending cloudlet 90 to VM #2
0.1: Broker: Sending cloudlet 91 to VM #3
0.1: Broker: Sending cloudlet 92 to VM #4
0.1: Broker: Sending cloudlet 93 to VM #5
0.1: Broker: Sending cloudlet 94 to VM #6
0.1: Broker: Sending cloudlet 95 to VM #7
0.1: Broker: Sending cloudlet 96 to VM #0
0.1: Broker: Sending cloudlet 97 to VM #1
0.1: Broker: Sending cloudlet 98 to VM #2
0.1: Broker: Sending cloudlet 99 to VM #3
0.1: Broker: Sending cloudlet 100 to VM #4
0.1: Broker: Sending cloudlet 101 to VM #5
0.1: Broker: Sending cloudlet 102 to VM #6
0.1: Broker: Sending cloudlet 103 to VM #7
0.1: Broker: Sending cloudlet 104 to VM #0
0.1: Broker: Sending cloudlet 105 to VM #1
0.1: Broker: Sending cloudlet 106 to VM #2
0.1: Broker: Sending cloudlet 107 to VM #3
0.1: Broker: Sending cloudlet 108 to VM #4
0.1: Broker: Sending cloudlet 109 to VM #5
0.1: Broker: Sending cloudlet 110 to VM #6
0.1: Broker: Sending cloudlet 111 to VM #7
0.1: Broker: Sending cloudlet 112 to VM #0
0.1: Broker: Sending cloudlet 113 to VM #1
0.1: Broker: Sending cloudlet 114 to VM #2
0.1: Broker: Sending cloudlet 115 to VM #3
0.1: Broker: Sending cloudlet 116 to VM #4
0.1: Broker: Sending cloudlet 117 to VM #5
0.1: Broker: Sending cloudlet 118 to VM #6
0.1: Broker: Sending cloudlet 119 to VM #7
0.1: Broker: Sending cloudlet 120 to VM #0
0.1: Broker: Sending cloudlet 121 to VM #1
0.1: Broker: Sending cloudlet 122 to VM #2
0.1: Broker: Sending cloudlet 123 to VM #3
0.1: Broker: Sending cloudlet 124 to VM #4
0.1: Broker: Sending cloudlet 125 to VM #5
0.1: Broker: Sending cloudlet 126 to VM #6
0.1: Broker: Sending cloudlet 127 to VM #7
0.1: Broker: Sending cloudlet 128 to VM #0
0.1: Broker: Sending cloudlet 129 to VM #1
0.1: Broker: Sending cloudlet 130 to VM #2
0.1: Broker: Sending cloudlet 131 to VM #3
0.1: Broker: Sending cloudlet 132 to VM #4
0.1: Broker: Sending cloudlet 133 to VM #5
0.1: Broker: Sending cloudlet 134 to VM #6
0.1: Broker: Sending cloudlet 135 to VM #7
0.1: Broker: Sending cloudlet 136 to VM #0
0.1: Broker: Sending cloudlet 137 to VM #1
0.1: Broker: Sending cloudlet 138 to VM #2
0.1: Broker: Sending cloudlet 139 to VM #3
0.1: Broker: Sending cloudlet 140 to VM #4
0.1: Broker: Sending cloudlet 141 to VM #5
0.1: Broker: Sending cloudlet 142 to VM #6
0.1: Broker: Sending cloudlet 143 to VM #7
0.1: Broker: Sending cloudlet 144 to VM #0
0.1: Broker: Sending cloudlet 145 to VM #1
0.1: Broker: Sending cloudlet 146 to VM #2
0.1: Broker: Sending cloudlet 147 to VM #3
0.1: Broker: Sending cloudlet 148 to VM #4
0.1: Broker: Sending cloudlet 149 to VM #5
0.1: Broker: Sending cloudlet 150 to VM #6
0.1: Broker: Sending cloudlet 151 to VM #7
0.1: Broker: Sending cloudlet 152 to VM #0
0.1: Broker: Sending cloudlet 153 to VM #1
0.1: Broker: Sending cloudlet 154 to VM #2
0.1: Broker: Sending cloudlet 155 to VM #3
0.1: Broker: Sending cloudlet 156 to VM #4
0.1: Broker: Sending cloudlet 157 to VM #5
0.1: Broker: Sending cloudlet 158 to VM #6
0.1: Broker: Sending cloudlet 159 to VM #7
0.1: Broker: Sending cloudlet 160 to VM #0
0.1: Broker: Sending cloudlet 161 to VM #1
0.1: Broker: Sending cloudlet 162 to VM #2
0.1: Broker: Sending cloudlet 163 to VM #3
0.1: Broker: Sending cloudlet 164 to VM #4
0.1: Broker: Sending cloudlet 165 to VM #5
0.1: Broker: Sending cloudlet 166 to VM #6
0.1: Broker: Sending cloudlet 167 to VM #7
0.1: Broker: Sending cloudlet 168 to VM #0
0.1: Broker: Sending cloudlet 169 to VM #1
0.1: Broker: Sending cloudlet 170 to VM #2
0.1: Broker: Sending cloudlet 171 to VM #3
0.1: Broker: Sending cloudlet 172 to VM #4
0.1: Broker: Sending cloudlet 173 to VM #5
0.1: Broker: Sending cloudlet 174 to VM #6
0.1: Broker: Sending cloudlet 175 to VM #7
0.1: Broker: Sending cloudlet 176 to VM #0
0.1: Broker: Sending cloudlet 177 to VM #1
0.1: Broker: Sending cloudlet 178 to VM #2
0.1: Broker: Sending cloudlet 179 to VM #3
0.1: Broker: Sending cloudlet 180 to VM #4
0.1: Broker: Sending cloudlet 181 to VM #5
0.1: Broker: Sending cloudlet 182 to VM #6
0.1: Broker: Sending cloudlet 183 to VM #7
0.1: Broker: Sending cloudlet 184 to VM #0
0.1: Broker: Sending cloudlet 185 to VM #1
0.1: Broker: Sending cloudlet 186 to VM #2
0.1: Broker: Sending cloudlet 187 to VM #3
0.1: Broker: Sending cloudlet 188 to VM #4
0.1: Broker: Sending cloudlet 189 to VM #5
0.1: Broker: Sending cloudlet 190 to VM #6
0.1: Broker: Sending cloudlet 191 to VM #7
0.1: Broker: Sending cloudlet 192 to VM #0
0.1: Broker: Sending cloudlet 193 to VM #1
0.1: Broker: Sending cloudlet 194 to VM #2
0.1: Broker: Sending cloudlet 195 to VM #3
0.1: Broker: Sending cloudlet 196 to VM #4
0.1: Broker: Sending cloudlet 197 to VM #5
0.1: Broker: Sending cloudlet 198 to VM #6
0.1: Broker: Sending cloudlet 199 to VM #7
0.1: Broker: Sending cloudlet 200 to VM #0
0.1: Broker: Sending cloudlet 201 to VM #1
0.1: Broker: Sending cloudlet 202 to VM #2
0.1: Broker: Sending cloudlet 203 to VM #3
0.1: Broker: Sending cloudlet 204 to VM #4
0.1: Broker: Sending cloudlet 205 to VM #5
0.1: Broker: Sending cloudlet 206 to VM #6
0.1: Broker: Sending cloudlet 207 to VM #7
0.1: Broker: Sending cloudlet 208 to VM #0
0.1: Broker: Sending cloudlet 209 to VM #1
0.1: Broker: Sending cloudlet 210 to VM #2
0.1: Broker: Sending cloudlet 211 to VM #3
0.1: Broker: Sending cloudlet 212 to VM #4
0.1: Broker: Sending cloudlet 213 to VM #5
0.1: Broker: Sending cloudlet 214 to VM #6
0.1: Broker: Sending cloudlet 215 to VM #7
0.1: Broker: Sending cloudlet 216 to VM #0
0.1: Broker: Sending cloudlet 217 to VM #1
0.1: Broker: Sending cloudlet 218 to VM #2
0.1: Broker: Sending cloudlet 219 to VM #3
0.1: Broker: Sending cloudlet 220 to VM #4
0.1: Broker: Sending cloudlet 221 to VM #5
0.1: Broker: Sending cloudlet 222 to VM #6
0.1: Broker: Sending cloudlet 223 to VM #7
0.1: Broker: Sending cloudlet 224 to VM #0
0.1: Broker: Sending cloudlet 225 to VM #1
0.1: Broker: Sending cloudlet 226 to VM #2
0.1: Broker: Sending cloudlet 227 to VM #3
0.1: Broker: Sending cloudlet 228 to VM #4
0.1: Broker: Sending cloudlet 229 to VM #5
0.1: Broker: Sending cloudlet 230 to VM #6
0.1: Broker: Sending cloudlet 231 to VM #7
0.1: Broker: Sending cloudlet 232 to VM #0
0.1: Broker: Sending cloudlet 233 to VM #1
0.1: Broker: Sending cloudlet 234 to VM #2
0.1: Broker: Sending cloudlet 235 to VM #3
0.1: Broker: Sending cloudlet 236 to VM #4
0.1: Broker: Sending cloudlet 237 to VM #5
0.1: Broker: Sending cloudlet 238 to VM #6
0.1: Broker: Sending cloudlet 239 to VM #7
0.1: Broker: Sending cloudlet 240 to VM #0
0.1: Broker: Sending cloudlet 241 to VM #1
0.1: Broker: Sending cloudlet 242 to VM #2
0.1: Broker: Sending cloudlet 243 to VM #3
0.1: Broker: Sending cloudlet 244 to VM #4
0.1: Broker: Sending cloudlet 245 to VM #5
0.1: Broker: Sending cloudlet 246 to VM #6
0.1: Broker: Sending cloudlet 247 to VM #7
0.1: Broker: Sending cloudlet 248 to VM #0
0.1: Broker: Sending cloudlet 249 to VM #1
0.1: Broker: Sending cloudlet 250 to VM #2
0.1: Broker: Sending cloudlet 251 to VM #3
0.1: Broker: Sending cloudlet 252 to VM #4
0.1: Broker: Sending cloudlet 253 to VM #5
0.1: Broker: Sending cloudlet 254 to VM #6
0.1: Broker: Sending cloudlet 255 to VM #7
4.425999999999999: Broker: Cloudlet 0 received
5.627999999999999: Broker: Cloudlet 1 received
5.7669999999999995: Broker: Cloudlet 8 received
9.035: Broker: Cloudlet 9 received
11.839: Broker: Cloudlet 4 received
13.003: Broker: Cloudlet 16 received
14.007: Broker: Cloudlet 2 received
14.408: Broker: Cloudlet 24 received
17.811: Broker: Cloudlet 17 received
18.005: Broker: Cloudlet 25 received
18.115000000000002: Broker: Cloudlet 3 received
19.488000000000003: Broker: Cloudlet 32 received
20.076: Broker: Cloudlet 5 received
23.492: Broker: Cloudlet 33 received
25.204: Broker: Cloudlet 7 received
27.232: Broker: Cloudlet 10 received
27.483999999999998: Broker: Cloudlet 12 received
27.709: Broker: Cloudlet 40 received
28.501: Broker: Cloudlet 15 received
30.26: Broker: Cloudlet 48 received
30.370000000000005: Broker: Cloudlet 41 received
31.474000000000004: Broker: Cloudlet 56 received
32.976000000000006: Broker: Cloudlet 49 received
33.42400000000001: Broker: Cloudlet 20 received
36.854000000000006: Broker: Cloudlet 57 received
37.00800000000001: Broker: Cloudlet 11 received
37.23400000000001: Broker: Cloudlet 64 received
38.44600000000001: Broker: Cloudlet 18 received
38.780000000000015: Broker: Cloudlet 65 received
38.896000000000015: Broker: Cloudlet 72 received
39.38000000000002: Broker: Cloudlet 13 received
40.049000000000014: Broker: Cloudlet 80 received
40.67200000000001: Broker: Cloudlet 73 received
43.94600000000001: Broker: Cloudlet 88 received
45.20200000000001: Broker: Cloudlet 19 received
47.460000000000015: Broker: Cloudlet 81 received
48.289000000000016: Broker: Cloudlet 89 received
49.070000000000014: Broker: Cloudlet 96 received
50.43800000000002: Broker: Cloudlet 27 received
52.30600000000002: Broker: Cloudlet 28 received
54.48800000000002: Broker: Cloudlet 104 received
55.572000000000024: Broker: Cloudlet 35 received
57.38400000000002: Broker: Cloudlet 26 received
57.76500000000002: Broker: Cloudlet 97 received
59.67000000000002: Broker: Cloudlet 112 received
59.83800000000002: Broker: Cloudlet 43 received
60.883000000000024: Broker: Cloudlet 120 received
62.25900000000002: Broker: Cloudlet 6 received
62.56500000000002: Broker: Cloudlet 34 received
63.31100000000002: Broker: Cloudlet 42 received
64.20300000000002: Broker: Cloudlet 21 received
64.61500000000002: Broker: Cloudlet 128 received
65.24300000000002: Broker: Cloudlet 105 received
67.64200000000002: Broker: Cloudlet 136 received
67.75200000000002: Broker: Cloudlet 51 received
72.43600000000002: Broker: Cloudlet 36 received
74.40800000000002: Broker: Cloudlet 113 received
74.83100000000002: Broker: Cloudlet 144 received
74.94100000000002: Broker: Cloudlet 121 received
75.86100000000002: Broker: Cloudlet 23 received
76.48500000000001: Broker: Cloudlet 50 received
76.72100000000002: Broker: Cloudlet 129 received
77.72800000000002: Broker: Cloudlet 152 received
79.42200000000003: Broker: Cloudlet 59 received
81.00800000000002: Broker: Cloudlet 67 received
83.17700000000002: Broker: Cloudlet 160 received
83.39600000000002: Broker: Cloudlet 137 received
85.47200000000001: Broker: Cloudlet 145 received
86.748: Broker: Cloudlet 168 received
89.691: Broker: Cloudlet 153 received
90.861: Broker: Cloudlet 58 received
91.22500000000001: Broker: Cloudlet 66 received
93.587: Broker: Cloudlet 161 received
94.519: Broker: Cloudlet 74 received
94.88300000000001: Broker: Cloudlet 169 received
95.18100000000001: Broker: Cloudlet 176 received
96.42900000000002: Broker: Cloudlet 75 received
96.83500000000002: Broker: Cloudlet 82 received
97.03100000000002: Broker: Cloudlet 44 received
98.88200000000002: Broker: Cloudlet 177 received
101.44100000000002: Broker: Cloudlet 184 received
101.89700000000002: Broker: Cloudlet 185 received
102.40900000000002: Broker: Cloudlet 29 received
103.85700000000001: Broker: Cloudlet 37 received
105.26500000000001: Broker: Cloudlet 83 received
106.15800000000002: Broker: Cloudlet 193 received
109.02200000000002: Broker: Cloudlet 91 received
109.75600000000001: Broker: Cloudlet 192 received
111.16900000000001: Broker: Cloudlet 201 received
113.95400000000001: Broker: Cloudlet 209 received
114.22600000000001: Broker: Cloudlet 200 received
115.45400000000001: Broker: Cloudlet 90 received
117.59800000000001: Broker: Cloudlet 208 received
121.85400000000001: Broker: Cloudlet 99 received
123.08700000000002: Broker: Cloudlet 216 received
123.20200000000001: Broker: Cloudlet 217 received
127.12500000000001: Broker: Cloudlet 224 received
130.10000000000002: Broker: Cloudlet 225 received
130.36400000000003: Broker: Cloudlet 98 received
131.88000000000002: Broker: Cloudlet 52 received
132.92800000000003: Broker: Cloudlet 107 received
133.056: Broker: Cloudlet 14 received
135.467: Broker: Cloudlet 232 received
137.443: Broker: Cloudlet 233 received
140.347: Broker: Cloudlet 45 received
140.608: Broker: Cloudlet 241 received
140.937: Broker: Cloudlet 240 received
143.574: Broker: Cloudlet 248 received
145.026: Broker: Cloudlet 249 received
146.75: Broker: Cloudlet 106 received
147.43: Broker: Cloudlet 31 received
148.014: Broker: Cloudlet 115 received
149.74: Broker: Cloudlet 114 received
152.44400000000002: Broker: Cloudlet 123 received
154.836: Broker: Cloudlet 39 received
157.746: Broker: Cloudlet 131 received
159.464: Broker: Cloudlet 122 received
163.808: Broker: Cloudlet 60 received
166.21599999999998: Broker: Cloudlet 53 received
175.64799999999997: Broker: Cloudlet 139 received
178.69999999999996: Broker: Cloudlet 130 received
180.32599999999996: Broker: Cloudlet 138 received
188.39599999999996: Broker: Cloudlet 147 received
189.09999999999997: Broker: Cloudlet 61 received
190.45599999999996: Broker: Cloudlet 69 received
190.76799999999997: Broker: Cloudlet 68 received
194.12399999999997: Broker: Cloudlet 146 received
194.80399999999997: Broker: Cloudlet 154 received
201.24199999999996: Broker: Cloudlet 155 received
202.75199999999995: Broker: Cloudlet 163 received
209.13599999999997: Broker: Cloudlet 171 received
212.10399999999996: Broker: Cloudlet 22 received
213.03599999999994: Broker: Cloudlet 76 received
213.22399999999993: Broker: Cloudlet 162 received
218.32799999999995: Broker: Cloudlet 47 received
220.02599999999995: Broker: Cloudlet 179 received
224.63799999999995: Broker: Cloudlet 77 received
224.97399999999996: Broker: Cloudlet 170 received
230.54199999999997: Broker: Cloudlet 178 received
238.39999999999998: Broker: Cloudlet 187 received
241.92: Broker: Cloudlet 186 received
243.944: Broker: Cloudlet 30 received
244.268: Broker: Cloudlet 84 received
245.996: Broker: Cloudlet 38 received
246.50400000000002: Broker: Cloudlet 85 received
247.50000000000003: Broker: Cloudlet 194 received
253.72000000000003: Broker: Cloudlet 195 received
255.68800000000002: Broker: Cloudlet 55 received
261.1: Broker: Cloudlet 203 received
262.94: Broker: Cloudlet 202 received
265.572: Broker: Cloudlet 46 received
270.068: Broker: Cloudlet 92 received
271.84: Broker: Cloudlet 210 received
280.582: Broker: Cloudlet 211 received
281.082: Broker: Cloudlet 93 received
287.534: Broker: Cloudlet 100 received
290.596: Broker: Cloudlet 218 received
295.626: Broker: Cloudlet 219 received
299.18399999999997: Broker: Cloudlet 226 received
300.84: Broker: Cloudlet 54 received
304.75199999999995: Broker: Cloudlet 234 received
305.816: Broker: Cloudlet 227 received
311.628: Broker: Cloudlet 108 received
316.596: Broker: Cloudlet 63 received
316.976: Broker: Cloudlet 101 received
324.212: Broker: Cloudlet 242 received
325.236: Broker: Cloudlet 235 received
330.616: Broker: Cloudlet 250 received
334.93199999999996: Broker: Cloudlet 243 received
347.542: Broker: Cloudlet 251 received
348.366: Broker: Cloudlet 116 received
350.55: Broker: Cloudlet 109 received
352.486: Broker: Cloudlet 117 received
356.286: Broker: Cloudlet 71 received
362.87: Broker: Cloudlet 124 received
369.51: Broker: Cloudlet 125 received
375.518: Broker: Cloudlet 62 received
377.64599999999996: Broker: Cloudlet 79 received
384.09399999999994: Broker: Cloudlet 132 received
388.4699999999999: Broker: Cloudlet 70 received
390.87799999999993: Broker: Cloudlet 78 received
391.7059999999999: Broker: Cloudlet 133 received
405.5939999999999: Broker: Cloudlet 141 received
422.57799999999986: Broker: Cloudlet 140 received
432.41799999999984: Broker: Cloudlet 148 received
437.26199999999983: Broker: Cloudlet 149 received
449.02999999999986: Broker: Cloudlet 87 received
462.78199999999987: Broker: Cloudlet 86 received
465.9179999999999: Broker: Cloudlet 156 received
466.70999999999987: Broker: Cloudlet 95 received
473.72999999999985: Broker: Cloudlet 157 received
483.1059999999998: Broker: Cloudlet 165 received
503.29799999999983: Broker: Cloudlet 164 received
508.92999999999984: Broker: Cloudlet 173 received
514.1459999999998: Broker: Cloudlet 103 received
517.4939999999998: Broker: Cloudlet 181 received
521.9699999999998: Broker: Cloudlet 172 received
537.9299999999998: Broker: Cloudlet 94 received
547.8419999999999: Broker: Cloudlet 180 received
548.9539999999998: Broker: Cloudlet 102 received
556.3739999999998: Broker: Cloudlet 188 received
556.9619999999998: Broker: Cloudlet 189 received
570.0539999999997: Broker: Cloudlet 197 received
570.7579999999997: Broker: Cloudlet 111 received
582.3939999999997: Broker: Cloudlet 196 received
588.2659999999996: Broker: Cloudlet 204 received
589.3379999999996: Broker: Cloudlet 205 received
595.4099999999996: Broker: Cloudlet 119 received
599.6299999999997: Broker: Cloudlet 213 received
607.5699999999997: Broker: Cloudlet 212 received
613.8099999999997: Broker: Cloudlet 110 received
621.8259999999997: Broker: Cloudlet 127 received
622.6379999999997: Broker: Cloudlet 220 received
622.7499999999997: Broker: Cloudlet 118 received
623.3259999999997: Broker: Cloudlet 228 received
638.7379999999997: Broker: Cloudlet 221 received
650.1899999999997: Broker: Cloudlet 236 received
657.3499999999997: Broker: Cloudlet 126 received
664.0299999999996: Broker: Cloudlet 135 received
672.7459999999996: Broker: Cloudlet 244 received
673.8499999999997: Broker: Cloudlet 229 received
684.9899999999997: Broker: Cloudlet 237 received
689.5259999999996: Broker: Cloudlet 252 received
719.9379999999996: Broker: Cloudlet 245 received
725.1939999999996: Broker: Cloudlet 134 received
738.8739999999996: Broker: Cloudlet 143 received
749.1779999999995: Broker: Cloudlet 253 received
773.4259999999996: Broker: Cloudlet 142 received
803.8739999999996: Broker: Cloudlet 151 received
848.2819999999996: Broker: Cloudlet 150 received
857.1459999999996: Broker: Cloudlet 159 received
876.1219999999996: Broker: Cloudlet 167 received
890.9859999999996: Broker: Cloudlet 175 received
925.2819999999997: Broker: Cloudlet 158 received
965.1139999999997: Broker: Cloudlet 183 received
972.7299999999997: Broker: Cloudlet 166 received
993.1139999999997: Broker: Cloudlet 174 received
1024.9699999999998: Broker: Cloudlet 191 received
1058.0979999999997: Broker: Cloudlet 182 received
1062.0819999999997: Broker: Cloudlet 190 received
1098.7539999999997: Broker: Cloudlet 198 received
1099.5539999999996: Broker: Cloudlet 206 received
1104.7779999999996: Broker: Cloudlet 199 received
1140.4019999999996: Broker: Cloudlet 207 received
1171.6099999999997: Broker: Cloudlet 214 received
1185.5139999999997: Broker: Cloudlet 215 received
1202.1699999999996: Broker: Cloudlet 223 received
1248.0579999999995: Broker: Cloudlet 222 received
1274.9219999999996: Broker: Cloudlet 231 received
1325.0419999999995: Broker: Cloudlet 230 received
1354.8339999999994: Broker: Cloudlet 239 received
1363.8579999999993: Broker: Cloudlet 247 received
1386.1379999999992: Broker: Cloudlet 255 received
1394.7619999999993: Broker: Cloudlet 238 received
1398.6579999999992: Broker: Cloudlet 246 received
1464.9539999999993: Broker: Cloudlet 254 received
1464.9539999999993: Broker: All Cloudlets executed. Finishing...
1464.9539999999993: Broker: Destroying VM #0
1464.9539999999993: Broker: Destroying VM #1
1464.9539999999993: Broker: Destroying VM #2
1464.9539999999993: Broker: Destroying VM #3
1464.9539999999993: Broker: Destroying VM #4
1464.9539999999993: Broker: Destroying VM #5
1464.9539999999993: Broker: Destroying VM #6
1464.9539999999993: Broker: Destroying VM #7
Broker is shutting down...
Simulation: No more future events
CloudInformationService: Notify all CloudSim entities for shutting down.
Datacenter_0 is shutting down...
Datacenter_1 is shutting down...
Datacenter_2 is shutting down...
Datacenter_2 is shutting down...
Datacenter_2 is shutting down...
Datacenter_2 is shutting down...
Broker is shutting down...
Simulation completed.
Simulation completed.

========== OUTPUT ==========
Cloudlet ID    STATUS    Data center ID    VM ID    Time    Start Time    Finish Time
    0        SUCCESS        2            0        4,33        0,1        4,43
    1        SUCCESS        2            1        5,53        0,1        5,63
    8        SUCCESS        2            0        1,34        4,43        5,77
    9        SUCCESS        2            1        3,41        5,63        9,04
    4        SUCCESS        2            4        11,74        0,1        11,84
    16        SUCCESS        2            0        7,24        5,77        13
    2        SUCCESS        2            2        13,91        0,1        14,01
    24        SUCCESS        2            0        1,4        13        14,41
    17        SUCCESS        2            1        8,78        9,04        17,81
    25        SUCCESS        2            1        0,19        17,81        18
    3        SUCCESS        2            3        18,02        0,1        18,12
    32        SUCCESS        2            0        5,08        14,41        19,49
    5        SUCCESS        2            5        19,98        0,1        20,08
    33        SUCCESS        2            1        5,49        18        23,49
    7        SUCCESS        2            7        25,1        0,1        25,2
    10        SUCCESS        2            2        13,22        14,01        27,23
    12        SUCCESS        2            4        15,64        11,84        27,48
    40        SUCCESS        2            0        8,22        19,49        27,71
    15        SUCCESS        2            7        3,3        25,2        28,5
    48        SUCCESS        2            0        2,55        27,71        30,26
    41        SUCCESS        2            1        6,88        23,49        30,37
    56        SUCCESS        2            0        1,21        30,26        31,47
    49        SUCCESS        2            1        2,61        30,37        32,98
    20        SUCCESS        2            4        5,94        27,48        33,42
    57        SUCCESS        2            1        3,88        32,98        36,85
    11        SUCCESS        2            3        18,89        18,12        37,01
    64        SUCCESS        2            0        5,76        31,47        37,23
    18        SUCCESS        2            2        11,21        27,23        38,45
    65        SUCCESS        2            1        1,93        36,85        38,78
    72        SUCCESS        2            0        1,66        37,23        38,9
    13        SUCCESS        2            5        19,3        20,08        39,38
    80        SUCCESS        2            0        1,15        38,9        40,05
    73        SUCCESS        2            1        1,89        38,78        40,67
    88        SUCCESS        2            0        3,9        40,05        43,95
    19        SUCCESS        2            3        8,19        37,01        45,2
    81        SUCCESS        2            1        6,79        40,67        47,46
    89        SUCCESS        2            1        0,83        47,46        48,29
    96        SUCCESS        2            0        5,12        43,95        49,07
    27        SUCCESS        2            3        5,24        45,2        50,44
    28        SUCCESS        2            4        18,88        33,42        52,31
    104        SUCCESS        2            0        5,42        49,07        54,49
    35        SUCCESS        2            3        5,13        50,44        55,57
    26        SUCCESS        2            2        18,94        38,45        57,38
    97        SUCCESS        2            1        9,48        48,29        57,77
    112        SUCCESS        2            0        5,18        54,49        59,67
    43        SUCCESS        2            3        4,27        55,57        59,84
    120        SUCCESS        2            0        1,21        59,67        60,88
    6        SUCCESS        2            6        62,16        0,1        62,26
    34        SUCCESS        2            2        5,18        57,38        62,57
    42        SUCCESS        2            2        0,75        62,57        63,31
    21        SUCCESS        2            5        24,82        39,38        64,2
    128        SUCCESS        2            0        3,73        60,88        64,62
    105        SUCCESS        2            1        7,48        57,77        65,24
    136        SUCCESS        2            0        3,03        64,62        67,64
    51        SUCCESS        2            3        7,91        59,84        67,75
    36        SUCCESS        2            4        20,13        52,31        72,44
    113        SUCCESS        2            1        9,16        65,24        74,41
    144        SUCCESS        2            0        7,19        67,64        74,83
    121        SUCCESS        2            1        0,53        74,41        74,94
    23        SUCCESS        2            7        47,36        28,5        75,86
    50        SUCCESS        2            2        13,17        63,31        76,49
    129        SUCCESS        2            1        1,78        74,94        76,72
    152        SUCCESS        2            0        2,9        74,83        77,73
    59        SUCCESS        2            3        11,67        67,75        79,42
    67        SUCCESS        2            3        1,59        79,42        81,01
    160        SUCCESS        2            0        5,45        77,73        83,18
    137        SUCCESS        2            1        6,67        76,72        83,4
    145        SUCCESS        2            1        2,08        83,4        85,47
    168        SUCCESS        2            0        3,57        83,18        86,75
    153        SUCCESS        2            1        4,22        85,47        89,69
    58        SUCCESS        2            2        14,38        76,49        90,86
    66        SUCCESS        2            2        0,36        90,86        91,23
    161        SUCCESS        2            1        3,9        89,69        93,59
    74        SUCCESS        2            2        3,29        91,23        94,52
    169        SUCCESS        2            1        1,3        93,59        94,88
    176        SUCCESS        2            0        8,43        86,75        95,18
    75        SUCCESS        2            3        15,42        81,01        96,43
    82        SUCCESS        2            2        2,32        94,52        96,84
    44        SUCCESS        2            4        24,59        72,44        97,03
    177        SUCCESS        2            1        4        94,88        98,88
    184        SUCCESS        2            0        6,26        95,18        101,44
    185        SUCCESS        2            1        3,02        98,88        101,9
    29        SUCCESS        2            5        38,21        64,2        102,41
    37        SUCCESS        2            5        1,45        102,41        103,86
    83        SUCCESS        2            3        8,84        96,43        105,27
    193        SUCCESS        2            1        4,26        101,9        106,16
    91        SUCCESS        2            3        3,76        105,27        109,02
    192        SUCCESS        2            0        8,31        101,44        109,76
    201        SUCCESS        2            1        5,01        106,16        111,17
    209        SUCCESS        2            1        2,78        111,17        113,95
    200        SUCCESS        2            0        4,47        109,76        114,23
    90        SUCCESS        2            2        18,62        96,84        115,45
    208        SUCCESS        2            0        3,37        114,23        117,6
    99        SUCCESS        2            3        12,83        109,02        121,85
    216        SUCCESS        2            0        5,49        117,6        123,09
    217        SUCCESS        2            1        9,25        113,95        123,2
    224        SUCCESS        2            0        4,04        123,09        127,13
    225        SUCCESS        2            1        6,9        123,2        130,1
    98        SUCCESS        2            2        14,91        115,45        130,36
    52        SUCCESS        2            4        34,85        97,03        131,88
    107        SUCCESS        2            3        11,07        121,85        132,93
    14        SUCCESS        2            6        70,8        62,26        133,06
    232        SUCCESS        2            0        8,34        127,13        135,47
    233        SUCCESS        2            1        7,34        130,1        137,44
    45        SUCCESS        2            5        36,49        103,86        140,35
    241        SUCCESS        2            1        3,16        137,44        140,61
    240        SUCCESS        2            0        5,47        135,47        140,94
    248        SUCCESS        2            0        2,64        140,94        143,57
    249        SUCCESS        2            1        4,42        140,61        145,03
    106        SUCCESS        2            2        16,39        130,36        146,75
    31        SUCCESS        2            7        71,57        75,86        147,43
    115        SUCCESS        2            3        15,09        132,93        148,01
    114        SUCCESS        2            2        2,99        146,75        149,74
    123        SUCCESS        2            3        4,43        148,01        152,44
    39        SUCCESS        2            7        7,41        147,43        154,84
    131        SUCCESS        2            3        5,3        152,44        157,75
    122        SUCCESS        2            2        9,72        149,74        159,46
    60        SUCCESS        2            4        31,93        131,88        163,81
    53        SUCCESS        2            5        25,87        140,35        166,22
    139        SUCCESS        2            3        17,9        157,75        175,65
    130        SUCCESS        2            2        19,24        159,46        178,7
    138        SUCCESS        2            2        1,63        178,7        180,33
    147        SUCCESS        2            3        12,75        175,65        188,4
    61        SUCCESS        2            5        22,88        166,22        189,1
    69        SUCCESS        2            5        1,36        189,1        190,46
    68        SUCCESS        2            4        26,96        163,81        190,77
    146        SUCCESS        2            2        13,8        180,33        194,12
    154        SUCCESS        2            2        0,68        194,12        194,8
    155        SUCCESS        2            3        12,85        188,4        201,24
    163        SUCCESS        2            3        1,51        201,24        202,75
    171        SUCCESS        2            3        6,38        202,75        209,14
    22        SUCCESS        2            6        79,05        133,06        212,1
    76        SUCCESS        2            4        22,27        190,77        213,04
    162        SUCCESS        2            2        18,42        194,8        213,22
    47        SUCCESS        2            7        63,49        154,84        218,33
    179        SUCCESS        2            3        10,89        209,14        220,03
    77        SUCCESS        2            5        34,18        190,46        224,64
    170        SUCCESS        2            2        11,75        213,22        224,97
    178        SUCCESS        2            2        5,57        224,97        230,54
    187        SUCCESS        2            3        18,37        220,03        238,4
    186        SUCCESS        2            2        11,38        230,54        241,92
    30        SUCCESS        2            6        31,84        212,1        243,94
    84        SUCCESS        2            4        31,23        213,04        244,27
    38        SUCCESS        2            6        2,05        243,94        246
    85        SUCCESS        2            5        21,87        224,64        246,5
    194        SUCCESS        2            2        5,58        241,92        247,5
    195        SUCCESS        2            3        15,32        238,4        253,72
    55        SUCCESS        2            7        37,36        218,33        255,69
    203        SUCCESS        2            3        7,38        253,72        261,1
    202        SUCCESS        2            2        15,44        247,5        262,94
    46        SUCCESS        2            6        19,58        246        265,57
    92        SUCCESS        2            4        25,8        244,27        270,07
    210        SUCCESS        2            2        8,9        262,94        271,84
    211        SUCCESS        2            3        19,48        261,1        280,58
    93        SUCCESS        2            5        34,58        246,5        281,08
    100        SUCCESS        2            4        17,47        270,07        287,53
    218        SUCCESS        2            2        18,76        271,84        290,6
    219        SUCCESS        2            3        15,04        280,58        295,63
    226        SUCCESS        2            2        8,59        290,6        299,18
    54        SUCCESS        2            6        35,27        265,57        300,84
    234        SUCCESS        2            2        5,57        299,18        304,75
    227        SUCCESS        2            3        10,19        295,63        305,82
    108        SUCCESS        2            4        24,09        287,53        311,63
    63        SUCCESS        2            7        60,91        255,69        316,6
    101        SUCCESS        2            5        35,89        281,08        316,98
    242        SUCCESS        2            2        19,46        304,75        324,21
    235        SUCCESS        2            3        19,42        305,82        325,24
    250        SUCCESS        2            2        6,4        324,21        330,62
    243        SUCCESS        2            3        9,7        325,24        334,93
    251        SUCCESS        2            3        12,61        334,93        347,54
    116        SUCCESS        2            4        36,74        311,63        348,37
    109        SUCCESS        2            5        33,57        316,98        350,55
    117        SUCCESS        2            5        1,94        350,55        352,49
    71        SUCCESS        2            7        39,69        316,6        356,29
    124        SUCCESS        2            4        14,5        348,37        362,87
    125        SUCCESS        2            5        17,02        352,49        369,51
    62        SUCCESS        2            6        74,68        300,84        375,52
    79        SUCCESS        2            7        21,36        356,29        377,65
    132        SUCCESS        2            4        21,22        362,87        384,09
    70        SUCCESS        2            6        12,95        375,52        388,47
    78        SUCCESS        2            6        2,41        388,47        390,88
    133        SUCCESS        2            5        22,2        369,51        391,71
    141        SUCCESS        2            5        13,89        391,71        405,59
    140        SUCCESS        2            4        38,48        384,09        422,58
    148        SUCCESS        2            4        9,84        422,58        432,42
    149        SUCCESS        2            5        31,67        405,59        437,26
    87        SUCCESS        2            7        71,38        377,65        449,03
    86        SUCCESS        2            6        71,9        390,88        462,78
    156        SUCCESS        2            4        33,5        432,42        465,92
    95        SUCCESS        2            7        17,68        449,03        466,71
    157        SUCCESS        2            5        36,47        437,26        473,73
    165        SUCCESS        2            5        9,38        473,73        483,11
    164        SUCCESS        2            4        37,38        465,92        503,3
    173        SUCCESS        2            5        25,82        483,11        508,93
    103        SUCCESS        2            7        47,44        466,71        514,15
    181        SUCCESS        2            5        8,56        508,93        517,49
    172        SUCCESS        2            4        18,67        503,3        521,97
    94        SUCCESS        2            6        75,15        462,78        537,93
    180        SUCCESS        2            4        25,87        521,97        547,84
    102        SUCCESS        2            6        11,02        537,93        548,95
    188        SUCCESS        2            4        8,53        547,84        556,37
    189        SUCCESS        2            5        39,47        517,49        556,96
    197        SUCCESS        2            5        13,09        556,96        570,05
    111        SUCCESS        2            7        56,61        514,15        570,76
    196        SUCCESS        2            4        26,02        556,37        582,39
    204        SUCCESS        2            4        5,87        582,39        588,27
    205        SUCCESS        2            5        19,28        570,05        589,34
    119        SUCCESS        2            7        24,65        570,76        595,41
    213        SUCCESS        2            5        10,29        589,34        599,63
    212        SUCCESS        2            4        19,3        588,27        607,57
    110        SUCCESS        2            6        64,86        548,95        613,81
    127        SUCCESS        2            7        26,42        595,41        621,83
    220        SUCCESS        2            4        15,07        607,57        622,64
    118        SUCCESS        2            6        8,94        613,81        622,75
    228        SUCCESS        2            4        0,69        622,64        623,33
    221        SUCCESS        2            5        39,11        599,63        638,74
    236        SUCCESS        2            4        26,86        623,33        650,19
    126        SUCCESS        2            6        34,6        622,75        657,35
    135        SUCCESS        2            7        42,2        621,83        664,03
    244        SUCCESS        2            4        22,56        650,19        672,75
    229        SUCCESS        2            5        35,11        638,74        673,85
    237        SUCCESS        2            5        11,14        673,85        684,99
    252        SUCCESS        2            4        16,78        672,75        689,53
    245        SUCCESS        2            5        34,95        684,99        719,94
    134        SUCCESS        2            6        67,84        657,35        725,19
    143        SUCCESS        2            7        74,84        664,03        738,87
    253        SUCCESS        2            5        29,24        719,94        749,18
    142        SUCCESS        2            6        48,23        725,19        773,43
    151        SUCCESS        2            7        65        738,87        803,87
    150        SUCCESS        2            6        74,86        773,43        848,28
    159        SUCCESS        2            7        53,27        803,87        857,15
    167        SUCCESS        2            7        18,98        857,15        876,12
    175        SUCCESS        2            7        14,86        876,12        890,99
    158        SUCCESS        2            6        77        848,28        925,28
    183        SUCCESS        2            7        74,13        890,99        965,11
    166        SUCCESS        2            6        47,45        925,28        972,73
    174        SUCCESS        2            6        20,38        972,73        993,11
    191        SUCCESS        2            7        59,86        965,11        1024,97
    182        SUCCESS        2            6        64,98        993,11        1058,1
    190        SUCCESS        2            6        3,98        1058,1        1062,08
    198        SUCCESS        2            6        36,67        1062,08        1098,75
    206        SUCCESS        2            6        0,8        1098,75        1099,55
    199        SUCCESS        2            7        79,81        1024,97        1104,78
    207        SUCCESS        2            7        35,62        1104,78        1140,4
    214        SUCCESS        2            6        72,06        1099,55        1171,61
    215        SUCCESS        2            7        45,11        1140,4        1185,51
    223        SUCCESS        2            7        16,66        1185,51        1202,17
    222        SUCCESS        2            6        76,45        1171,61        1248,06
    231        SUCCESS        2            7        72,75        1202,17        1274,92
    230        SUCCESS        2            6        76,98        1248,06        1325,04
    239        SUCCESS        2            7        79,91        1274,92        1354,83
    247        SUCCESS        2            7        9,02        1354,83        1363,86
    255        SUCCESS        2            7        22,28        1363,86        1386,14
    238        SUCCESS        2            6        69,72        1325,04        1394,76
    246        SUCCESS        2            6        3,9        1394,76        1398,66
    254        SUCCESS        2            6        66,3        1398,66        1464,95
Scheduling time: 0
