Starting CloudSimExample3...
Initialising...
Starting CloudSim version 3.0
Datacenter_0 is starting...
Datacenter_1 is starting...
Datacenter_2 is starting...
Datacenter_2 is starting...
Datacenter_2 is starting...
Datacenter_2 is starting...
Broker is starting...
Entities started.
0.0: Broker: Cloud Resource List received with 6 resource(s)
0.0: Broker: Trying to Create VM #0 in Datacenter_0
0.0: Broker: Trying to Create VM #1 in Datacenter_0
0.0: Broker: Trying to Create VM #2 in Datacenter_0
0.0: Broker: Trying to Create VM #3 in Datacenter_0
0.1: Broker: VM #0 has been created in Datacenter #2, Host #0
0.1: Broker: VM #1 has been created in Datacenter #2, Host #0
0.1: Broker: VM #2 has been created in Datacenter #2, Host #0
0.1: Broker: VM #3 has been created in Datacenter #2, Host #1
0.1: Broker: Sending cloudlet 0 to VM #0
0.1: Broker: Sending cloudlet 1 to VM #1
0.1: Broker: Sending cloudlet 2 to VM #2
0.1: Broker: Sending cloudlet 3 to VM #3
0.1: Broker: Sending cloudlet 4 to VM #0
0.1: Broker: Sending cloudlet 5 to VM #1
0.1: Broker: Sending cloudlet 6 to VM #2
0.1: Broker: Sending cloudlet 7 to VM #3
0.1: Broker: Sending cloudlet 8 to VM #0
0.1: Broker: Sending cloudlet 9 to VM #1
0.1: Broker: Sending cloudlet 10 to VM #2
0.1: Broker: Sending cloudlet 11 to VM #3
0.1: Broker: Sending cloudlet 12 to VM #0
0.1: Broker: Sending cloudlet 13 to VM #1
0.1: Broker: Sending cloudlet 14 to VM #2
0.1: Broker: Sending cloudlet 15 to VM #3
0.1: Broker: Sending cloudlet 16 to VM #0
0.1: Broker: Sending cloudlet 17 to VM #1
0.1: Broker: Sending cloudlet 18 to VM #2
0.1: Broker: Sending cloudlet 19 to VM #3
0.1: Broker: Sending cloudlet 20 to VM #0
0.1: Broker: Sending cloudlet 21 to VM #1
0.1: Broker: Sending cloudlet 22 to VM #2
0.1: Broker: Sending cloudlet 23 to VM #3
0.1: Broker: Sending cloudlet 24 to VM #0
0.1: Broker: Sending cloudlet 25 to VM #1
0.1: Broker: Sending cloudlet 26 to VM #2
0.1: Broker: Sending cloudlet 27 to VM #3
0.1: Broker: Sending cloudlet 28 to VM #0
0.1: Broker: Sending cloudlet 29 to VM #1
0.1: Broker: Sending cloudlet 30 to VM #2
0.1: Broker: Sending cloudlet 31 to VM #3
0.1: Broker: Sending cloudlet 32 to VM #0
0.1: Broker: Sending cloudlet 33 to VM #1
0.1: Broker: Sending cloudlet 34 to VM #2
0.1: Broker: Sending cloudlet 35 to VM #3
0.1: Broker: Sending cloudlet 36 to VM #0
0.1: Broker: Sending cloudlet 37 to VM #1
0.1: Broker: Sending cloudlet 38 to VM #2
0.1: Broker: Sending cloudlet 39 to VM #3
0.1: Broker: Sending cloudlet 40 to VM #0
0.1: Broker: Sending cloudlet 41 to VM #1
0.1: Broker: Sending cloudlet 42 to VM #2
0.1: Broker: Sending cloudlet 43 to VM #3
0.1: Broker: Sending cloudlet 44 to VM #0
0.1: Broker: Sending cloudlet 45 to VM #1
0.1: Broker: Sending cloudlet 46 to VM #2
0.1: Broker: Sending cloudlet 47 to VM #3
0.1: Broker: Sending cloudlet 48 to VM #0
0.1: Broker: Sending cloudlet 49 to VM #1
0.1: Broker: Sending cloudlet 50 to VM #2
0.1: Broker: Sending cloudlet 51 to VM #3
0.1: Broker: Sending cloudlet 52 to VM #0
0.1: Broker: Sending cloudlet 53 to VM #1
0.1: Broker: Sending cloudlet 54 to VM #2
0.1: Broker: Sending cloudlet 55 to VM #3
0.1: Broker: Sending cloudlet 56 to VM #0
0.1: Broker: Sending cloudlet 57 to VM #1
0.1: Broker: Sending cloudlet 58 to VM #2
0.1: Broker: Sending cloudlet 59 to VM #3
0.1: Broker: Sending cloudlet 60 to VM #0
0.1: Broker: Sending cloudlet 61 to VM #1
0.1: Broker: Sending cloudlet 62 to VM #2
0.1: Broker: Sending cloudlet 63 to VM #3
0.1: Broker: Sending cloudlet 64 to VM #0
0.1: Broker: Sending cloudlet 65 to VM #1
0.1: Broker: Sending cloudlet 66 to VM #2
0.1: Broker: Sending cloudlet 67 to VM #3
0.1: Broker: Sending cloudlet 68 to VM #0
0.1: Broker: Sending cloudlet 69 to VM #1
0.1: Broker: Sending cloudlet 70 to VM #2
0.1: Broker: Sending cloudlet 71 to VM #3
0.1: Broker: Sending cloudlet 72 to VM #0
0.1: Broker: Sending cloudlet 73 to VM #1
0.1: Broker: Sending cloudlet 74 to VM #2
0.1: Broker: Sending cloudlet 75 to VM #3
0.1: Broker: Sending cloudlet 76 to VM #0
0.1: Broker: Sending cloudlet 77 to VM #1
0.1: Broker: Sending cloudlet 78 to VM #2
0.1: Broker: Sending cloudlet 79 to VM #3
0.1: Broker: Sending cloudlet 80 to VM #0
0.1: Broker: Sending cloudlet 81 to VM #1
0.1: Broker: Sending cloudlet 82 to VM #2
0.1: Broker: Sending cloudlet 83 to VM #3
0.1: Broker: Sending cloudlet 84 to VM #0
0.1: Broker: Sending cloudlet 85 to VM #1
0.1: Broker: Sending cloudlet 86 to VM #2
0.1: Broker: Sending cloudlet 87 to VM #3
0.1: Broker: Sending cloudlet 88 to VM #0
0.1: Broker: Sending cloudlet 89 to VM #1
0.1: Broker: Sending cloudlet 90 to VM #2
0.1: Broker: Sending cloudlet 91 to VM #3
0.1: Broker: Sending cloudlet 92 to VM #0
0.1: Broker: Sending cloudlet 93 to VM #1
0.1: Broker: Sending cloudlet 94 to VM #2
0.1: Broker: Sending cloudlet 95 to VM #3
0.1: Broker: Sending cloudlet 96 to VM #0
0.1: Broker: Sending cloudlet 97 to VM #1
0.1: Broker: Sending cloudlet 98 to VM #2
0.1: Broker: Sending cloudlet 99 to VM #3
0.1: Broker: Sending cloudlet 100 to VM #0
0.1: Broker: Sending cloudlet 101 to VM #1
0.1: Broker: Sending cloudlet 102 to VM #2
0.1: Broker: Sending cloudlet 103 to VM #3
0.1: Broker: Sending cloudlet 104 to VM #0
0.1: Broker: Sending cloudlet 105 to VM #1
0.1: Broker: Sending cloudlet 106 to VM #2
0.1: Broker: Sending cloudlet 107 to VM #3
0.1: Broker: Sending cloudlet 108 to VM #0
0.1: Broker: Sending cloudlet 109 to VM #1
0.1: Broker: Sending cloudlet 110 to VM #2
0.1: Broker: Sending cloudlet 111 to VM #3
0.1: Broker: Sending cloudlet 112 to VM #0
0.1: Broker: Sending cloudlet 113 to VM #1
0.1: Broker: Sending cloudlet 114 to VM #2
0.1: Broker: Sending cloudlet 115 to VM #3
0.1: Broker: Sending cloudlet 116 to VM #0
0.1: Broker: Sending cloudlet 117 to VM #1
0.1: Broker: Sending cloudlet 118 to VM #2
0.1: Broker: Sending cloudlet 119 to VM #3
0.1: Broker: Sending cloudlet 120 to VM #0
0.1: Broker: Sending cloudlet 121 to VM #1
0.1: Broker: Sending cloudlet 122 to VM #2
0.1: Broker: Sending cloudlet 123 to VM #3
0.1: Broker: Sending cloudlet 124 to VM #0
0.1: Broker: Sending cloudlet 125 to VM #1
0.1: Broker: Sending cloudlet 126 to VM #2
0.1: Broker: Sending cloudlet 127 to VM #3
4.425999999999999: Broker: Cloudlet 0 received
7.360999999999999: Broker: Cloudlet 4 received
8.701999999999998: Broker: Cloudlet 8 received
11.155999999999999: Broker: Cloudlet 1 received
12.613999999999999: Broker: Cloudlet 12 received
19.849999999999998: Broker: Cloudlet 16 received
21.144: Broker: Cloudlet 5 received
21.334999999999997: Broker: Cloudlet 20 received
22.74: Broker: Cloudlet 24 received
27.461: Broker: Cloudlet 28 received
27.913: Broker: Cloudlet 2 received
28.023000000000003: Broker: Cloudlet 9 received
32.541000000000004: Broker: Cloudlet 32 received
37.574000000000005: Broker: Cloudlet 36 received
37.684000000000005: Broker: Cloudlet 13 received
45.795: Broker: Cloudlet 40 received
51.944: Broker: Cloudlet 44 received
54.495000000000005: Broker: Cloudlet 48 received
55.23500000000001: Broker: Cloudlet 17 received
58.99100000000001: Broker: Cloudlet 6 received
63.208000000000006: Broker: Cloudlet 52 received
64.42200000000001: Broker: Cloudlet 56 received
67.64600000000002: Broker: Cloudlet 21 received
68.03400000000002: Broker: Cloudlet 25 received
72.03400000000002: Broker: Cloudlet 3 received
72.40400000000002: Broker: Cloudlet 60 received
78.16400000000003: Broker: Cloudlet 64 received
84.90400000000002: Broker: Cloudlet 68 received
85.44000000000003: Broker: Cloudlet 10 received
86.56600000000003: Broker: Cloudlet 72 received
87.13800000000003: Broker: Cloudlet 29 received
92.13300000000004: Broker: Cloudlet 76 received
93.28600000000004: Broker: Cloudlet 80 received
97.13400000000004: Broker: Cloudlet 7 received
98.11200000000004: Broker: Cloudlet 33 received
98.83600000000004: Broker: Cloudlet 37 received
101.09400000000004: Broker: Cloudlet 84 received
104.99100000000004: Broker: Cloudlet 88 received
111.44100000000005: Broker: Cloudlet 92 received
112.37700000000005: Broker: Cloudlet 41 received
116.56500000000005: Broker: Cloudlet 96 received
120.83700000000006: Broker: Cloudlet 14 received
120.94700000000006: Broker: Cloudlet 100 received
126.36500000000007: Broker: Cloudlet 104 received
130.62300000000008: Broker: Cloudlet 45 received
132.38900000000007: Broker: Cloudlet 108 received
135.83500000000006: Broker: Cloudlet 49 received
137.57100000000005: Broker: Cloudlet 112 received
143.26300000000006: Broker: Cloudlet 18 received
146.75600000000006: Broker: Cloudlet 116 received
147.96900000000005: Broker: Cloudlet 120 received
148.77100000000004: Broker: Cloudlet 53 received
151.59500000000006: Broker: Cloudlet 124 received
156.52700000000004: Broker: Cloudlet 57 received
167.96900000000005: Broker: Cloudlet 61 received
171.82100000000005: Broker: Cloudlet 65 received
172.49900000000005: Broker: Cloudlet 69 received
172.70700000000005: Broker: Cloudlet 11 received
176.01100000000005: Broker: Cloudlet 15 received
176.28300000000004: Broker: Cloudlet 73 received
182.78700000000003: Broker: Cloudlet 22 received
193.37500000000003: Broker: Cloudlet 77 received
206.95100000000002: Broker: Cloudlet 81 received
208.78300000000002: Broker: Cloudlet 19 received
217.88500000000002: Broker: Cloudlet 85 received
219.543: Broker: Cloudlet 89 received
220.663: Broker: Cloudlet 26 received
236.583: Broker: Cloudlet 30 received
236.833: Broker: Cloudlet 93 received
246.945: Broker: Cloudlet 34 received
247.97299999999998: Broker: Cloudlet 38 received
249.46499999999997: Broker: Cloudlet 42 received
255.78499999999997: Broker: Cloudlet 97 received
256.13699999999994: Broker: Cloudlet 23 received
259.25299999999993: Broker: Cloudlet 46 received
273.73299999999995: Broker: Cloudlet 101 received
277.07699999999994: Broker: Cloudlet 27 received
285.60099999999994: Broker: Cloudlet 50 received
288.68899999999996: Broker: Cloudlet 105 received
303.23699999999997: Broker: Cloudlet 54 received
305.477: Broker: Cloudlet 109 received
323.80699999999996: Broker: Cloudlet 113 received
324.775: Broker: Cloudlet 117 received
325.631: Broker: Cloudlet 121 received
331.98699999999997: Broker: Cloudlet 58 received
334.143: Broker: Cloudlet 125 received
348.647: Broker: Cloudlet 31 received
369.183: Broker: Cloudlet 35 received
369.327: Broker: Cloudlet 62 received
370.055: Broker: Cloudlet 66 received
376.531: Broker: Cloudlet 70 received
376.641: Broker: Cloudlet 39 received
383.117: Broker: Cloudlet 74 received
384.321: Broker: Cloudlet 78 received
388.95300000000003: Broker: Cloudlet 82 received
393.70500000000004: Broker: Cloudlet 43 received
424.90500000000003: Broker: Cloudlet 86 received
457.201: Broker: Cloudlet 47 received
462.14500000000004: Broker: Cloudlet 90 received
488.689: Broker: Cloudlet 51 received
499.721: Broker: Cloudlet 94 received
526.049: Broker: Cloudlet 55 received
529.5409999999999: Broker: Cloudlet 98 received
535.0529999999999: Broker: Cloudlet 102 received
567.8249999999999: Broker: Cloudlet 106 received
572.7289999999999: Broker: Cloudlet 59 received
600.2529999999999: Broker: Cloudlet 110 received
606.233: Broker: Cloudlet 114 received
610.7049999999999: Broker: Cloudlet 118 received
630.1529999999999: Broker: Cloudlet 122 received
633.641: Broker: Cloudlet 63 received
639.985: Broker: Cloudlet 67 received
647.453: Broker: Cloudlet 126 received
679.677: Broker: Cloudlet 71 received
741.365: Broker: Cloudlet 75 received
762.725: Broker: Cloudlet 79 received
798.0690000000001: Broker: Cloudlet 83 received
869.4530000000001: Broker: Cloudlet 87 received
884.4850000000001: Broker: Cloudlet 91 received
902.1650000000001: Broker: Cloudlet 95 received
953.493: Broker: Cloudlet 99 received
1000.933: Broker: Cloudlet 103 received
1045.229: Broker: Cloudlet 107 received
1101.845: Broker: Cloudlet 111 received
1162.189: Broker: Cloudlet 115 received
1186.845: Broker: Cloudlet 119 received
1204.565: Broker: Cloudlet 123 received
1230.981: Broker: Cloudlet 127 received
1230.981: Broker: All Cloudlets executed. Finishing...
1230.981: Broker: Destroying VM #0
1230.981: Broker: Destroying VM #1
1230.981: Broker: Destroying VM #2
1230.981: Broker: Destroying VM #3
Broker is shutting down...
Simulation: No more future events
CloudInformationService: Notify all CloudSim entities for shutting down.
Datacenter_0 is shutting down...
Datacenter_1 is shutting down...
Datacenter_2 is shutting down...
Datacenter_2 is shutting down...
Datacenter_2 is shutting down...
Datacenter_2 is shutting down...
Broker is shutting down...
Simulation completed.
Simulation completed.

========== OUTPUT ==========
Cloudlet ID    STATUS    Data center ID    VM ID    Time    Start Time    Finish Time
    0        SUCCESS        2            0        4,33        0,1        4,43
    4        SUCCESS        2            0        2,93        4,43        7,36
    8        SUCCESS        2            0        1,34        7,36        8,7
    1        SUCCESS        2            1        11,06        0,1        11,16
    12        SUCCESS        2            0        3,91        8,7        12,61
    16        SUCCESS        2            0        7,24        12,61        19,85
    5        SUCCESS        2            1        9,99        11,16        21,14
    20        SUCCESS        2            0        1,48        19,85        21,33
    24        SUCCESS        2            0        1,41        21,33        22,74
    28        SUCCESS        2            0        4,72        22,74        27,46
    2        SUCCESS        2            2        27,81        0,1        27,91
    9        SUCCESS        2            1        6,88        21,14        28,02
    32        SUCCESS        2            0        5,08        27,46        32,54
    36        SUCCESS        2            0        5,03        32,54        37,57
    13        SUCCESS        2            1        9,66        28,02        37,68
    40        SUCCESS        2            0        8,22        37,57        45,8
    44        SUCCESS        2            0        6,15        45,8        51,94
    48        SUCCESS        2            0        2,55        51,94        54,5
    17        SUCCESS        2            1        17,55        37,68        55,24
    6        SUCCESS        2            2        31,08        27,91        58,99
    52        SUCCESS        2            0        8,71        54,5        63,21
    56        SUCCESS        2            0        1,21        63,21        64,42
    21        SUCCESS        2            1        12,41        55,24        67,65
    25        SUCCESS        2            1        0,39        67,65        68,03
    3        SUCCESS        2            3        71,93        0,1        72,03
    60        SUCCESS        2            0        7,98        64,42        72,4
    64        SUCCESS        2            0        5,76        72,4        78,16
    68        SUCCESS        2            0        6,74        78,16        84,9
    10        SUCCESS        2            2        26,45        58,99        85,44
    72        SUCCESS        2            0        1,66        84,9        86,57
    29        SUCCESS        2            1        19,1        68,03        87,14
    76        SUCCESS        2            0        5,57        86,57        92,13
    80        SUCCESS        2            0        1,15        92,13        93,29
    7        SUCCESS        2            3        25,1        72,03        97,13
    33        SUCCESS        2            1        10,97        87,14        98,11
    37        SUCCESS        2            1        0,72        98,11        98,84
    84        SUCCESS        2            0        7,81        93,29        101,09
    88        SUCCESS        2            0        3,9        101,09        104,99
    92        SUCCESS        2            0        6,45        104,99        111,44
    41        SUCCESS        2            1        13,54        98,84        112,38
    96        SUCCESS        2            0        5,12        111,44        116,57
    14        SUCCESS        2            2        35,4        85,44        120,84
    100        SUCCESS        2            0        4,38        116,57        120,95
    104        SUCCESS        2            0        5,42        120,95        126,37
    45        SUCCESS        2            1        18,25        112,38        130,62
    108        SUCCESS        2            0        6,02        126,37        132,39
    49        SUCCESS        2            1        5,21        130,62        135,84
    112        SUCCESS        2            0        5,18        132,39        137,57
    18        SUCCESS        2            2        22,43        120,84        143,26
    116        SUCCESS        2            0        9,19        137,57        146,76
    120        SUCCESS        2            0        1,21        146,76        147,97
    53        SUCCESS        2            1        12,94        135,84        148,77
    124        SUCCESS        2            0        3,63        147,97        151,6
    57        SUCCESS        2            1        7,76        148,77        156,53
    61        SUCCESS        2            1        11,44        156,53        167,97
    65        SUCCESS        2            1        3,85        167,97        171,82
    69        SUCCESS        2            1        0,68        171,82        172,5
    11        SUCCESS        2            3        75,57        97,13        172,71
    15        SUCCESS        2            3        3,3        172,71        176,01
    73        SUCCESS        2            1        3,78        172,5        176,28
    22        SUCCESS        2            2        39,52        143,26        182,79
    77        SUCCESS        2            1        17,09        176,28        193,38
    81        SUCCESS        2            1        13,58        193,38        206,95
    19        SUCCESS        2            3        32,77        176,01        208,78
    85        SUCCESS        2            1        10,93        206,95        217,89
    89        SUCCESS        2            1        1,66        217,89        219,54
    26        SUCCESS        2            2        37,88        182,79        220,66
    30        SUCCESS        2            2        15,92        220,66        236,58
    93        SUCCESS        2            1        17,29        219,54        236,83
    34        SUCCESS        2            2        10,36        236,58        246,94
    38        SUCCESS        2            2        1,03        246,94        247,97
    42        SUCCESS        2            2        1,49        247,97        249,46
    97        SUCCESS        2            1        18,95        236,83        255,78
    23        SUCCESS        2            3        47,35        208,78        256,14
    46        SUCCESS        2            2        9,79        249,46        259,25
    101        SUCCESS        2            1        17,95        255,78        273,73
    27        SUCCESS        2            3        20,94        256,14        277,08
    50        SUCCESS        2            2        26,35        259,25        285,6
    105        SUCCESS        2            1        14,96        273,73        288,69
    54        SUCCESS        2            2        17,64        285,6        303,24
    109        SUCCESS        2            1        16,79        288,69        305,48
    113        SUCCESS        2            1        18,33        305,48        323,81
    117        SUCCESS        2            1        0,97        323,81        324,77
    121        SUCCESS        2            1        0,86        324,77        325,63
    58        SUCCESS        2            2        28,75        303,24        331,99
    125        SUCCESS        2            1        8,51        325,63        334,14
    31        SUCCESS        2            3        71,57        277,08        348,65
    35        SUCCESS        2            3        20,54        348,65        369,18
    62        SUCCESS        2            2        37,34        331,99        369,33
    66        SUCCESS        2            2        0,73        369,33        370,06
    70        SUCCESS        2            2        6,48        370,06        376,53
    39        SUCCESS        2            3        7,46        369,18        376,64
    74        SUCCESS        2            2        6,59        376,53        383,12
    78        SUCCESS        2            2        1,2        383,12        384,32
    82        SUCCESS        2            2        4,63        384,32        388,95
    43        SUCCESS        2            3        17,06        376,64        393,71
    86        SUCCESS        2            2        35,95        388,95        424,91
    47        SUCCESS        2            3        63,5        393,71        457,2
    90        SUCCESS        2            2        37,24        424,91        462,15
    51        SUCCESS        2            3        31,49        457,2        488,69
    94        SUCCESS        2            2        37,58        462,15        499,72
    55        SUCCESS        2            3        37,36        488,69        526,05
    98        SUCCESS        2            2        29,82        499,72        529,54
    102        SUCCESS        2            2        5,51        529,54        535,05
    106        SUCCESS        2            2        32,77        535,05        567,82
    59        SUCCESS        2            3        46,68        526,05        572,73
    110        SUCCESS        2            2        32,43        567,82        600,25
    114        SUCCESS        2            2        5,98        600,25        606,23
    118        SUCCESS        2            2        4,47        606,23        610,7
    122        SUCCESS        2            2        19,45        610,7        630,15
    63        SUCCESS        2            3        60,91        572,73        633,64
    67        SUCCESS        2            3        6,34        633,64        639,99
    126        SUCCESS        2            2        17,3        630,15        647,45
    71        SUCCESS        2            3        39,69        639,99        679,68
    75        SUCCESS        2            3        61,69        679,68        741,37
    79        SUCCESS        2            3        21,36        741,37        762,73
    83        SUCCESS        2            3        35,34        762,73        798,07
    87        SUCCESS        2            3        71,38        798,07        869,45
    91        SUCCESS        2            3        15,03        869,45        884,49
    95        SUCCESS        2            3        17,68        884,49        902,17
    99        SUCCESS        2            3        51,33        902,17        953,49
    103        SUCCESS        2            3        47,44        953,49        1000,93
    107        SUCCESS        2            3        44,3        1000,93        1045,23
    111        SUCCESS        2            3        56,62        1045,23        1101,85
    115        SUCCESS        2            3        60,34        1101,85        1162,19
    119        SUCCESS        2            3        24,66        1162,19        1186,85
    123        SUCCESS        2            3        17,72        1186,85        1204,57
    127        SUCCESS        2            3        26,42        1204,57        1230,98
Scheduling time: 0
